app/build/outputs/logs/manifest-merger-debug-report.txt
-- Merging decision tree log ---
manifest
ADDED from src\main\AndroidManifest.xml:2:1-172:12
INJECTED from src\main\AndroidManifest.xml:2:1-172:12
INJECTED from src\main\AndroidManifest.xml:2:1-172:12
INJECTED from src\main\AndroidManifest.xml:2:1-172:12
MERGED from [me.drakeet.multitype:multitype:2.2.2] AndroidManifest.xml:17:1-27:12
MERGED from [com.afollestad.material-dialogs:core:0.9.4.5] AndroidManifest.xml:2:1-15:12
MERGED from [com.wuxiaolong.pullloadmorerecyclerview:library:1.1.2] AndroidManifest.xml:2:1-13:12
MERGED from [me.weyye.hipermission:library:1.0.7] AndroidManifest.xml:2:1-21:12
MERGED from [com.android.support:design:24.2.1] AndroidManifest.xml:17:1-24:12
MERGED from [me.zhanghai.android.materialprogressbar:library:1.4.1] AndroidManifest.xml:6:1-16:12
MERGED from [com.android.support:appcompat-v7:25.3.1] AndroidManifest.xml:17:1-31:12
MERGED from [com.android.support.constraint:constraint-layout:1.0.0-beta5] AndroidManifest.xml:2:1-11:12
MERGED from [com.zhy:okhttputils:2.6.2] AndroidManifest.xml:2:1-11:12
MERGED from [com.jakewharton:butterknife:8.8.1] AndroidManifest.xml:2:1-7:12
MERGED from [com.github.chrisbanes:PhotoView:2.1.3] AndroidManifest.xml:2:1-12:12
MERGED from [cn.jzvd:jiaozivideoplayer:6.0.0] AndroidManifest.xml:2:1-13:12
MERGED from [com.android.support:cardview-v7:24.2.1] AndroidManifest.xml:17:1-24:12
MERGED from [com.allenliu.badgeview:library:1.1.1] AndroidManifest.xml:2:1-16:12
MERGED from [com.android.support:multidex:1.0.2] AndroidManifest.xml:17:1-22:12
MERGED from [com.android.support:recyclerview-v7:25.3.1] AndroidManifest.xml:17:1-26:12
MERGED from [com.android.support:support-v13:25.3.1] AndroidManifest.xml:17:1-31:12
MERGED from [com.android.support:support-v4:25.3.1] AndroidManifest.xml:17:1-31:12
MERGED from [com.android.support:animated-vector-drawable:25.3.1] AndroidManifest.xml:17:1-28:12
MERGED from [com.android.support:support-vector-drawable:25.3.1] AndroidManifest.xml:17:1-28:12
MERGED from [com.android.support:support-fragment:25.3.1] AndroidManifest.xml:17:1-31:12
MERGED from [com.android.support:support-core-utils:25.3.1] AndroidManifest.xml:17:1-31:12
MERGED from [com.android.support:support-core-ui:25.3.1] AndroidManifest.xml:17:1-31:12
MERGED from [com.android.support:support-media-compat:25.3.1] AndroidManifest.xml:17:1-31:12
MERGED from [com.android.support:support-compat:25.3.1] AndroidManifest.xml:17:1-31:12
INJECTED from src\main\AndroidManifest.xml:2:1-172:12
INJECTED from src\main\AndroidManifest.xml:2:1-172:12
INJECTED from src\main\AndroidManifest.xml:2:1-172:12
	package
		ADDED from src\main\AndroidManifest.xml:3:5-35
		INJECTED from src\main\AndroidManifest.xml
		INJECTED from src\main\AndroidManifest.xml
	android:versionName
		INJECTED from src\main\AndroidManifest.xml
		ADDED from src\main\AndroidManifest.xml:2:1-172:12
		INJECTED from src\main\AndroidManifest.xml
	android:versionCode
		INJECTED from src\main\AndroidManifest.xml
		ADDED from src\main\AndroidManifest.xml:2:1-172:12
		INJECTED from src\main\AndroidManifest.xml
	xmlns:android
		ADDED from src\main\AndroidManifest.xml:2:11-69
uses-permission#android.permission.INTERNET
ADDED from src\main\AndroidManifest.xml:6:5-67
	android:name
		ADDED from src\main\AndroidManifest.xml:6:22-64
uses-permission#android.permission.WRITE_EXTERNAL_STORAGE
ADDED from src\main\AndroidManifest.xml:7:5-81
	android:name
		ADDED from src\main\AndroidManifest.xml:7:22-78
uses-permission#android.permission.GET_TASKS
ADDED from src\main\AndroidManifest.xml:8:5-68
	android:name
		ADDED from src\main\AndroidManifest.xml:8:22-65
uses-permission#android.permission.ACCESS_NETWORK_STATE
ADDED from src\main\AndroidManifest.xml:9:5-79
MERGED from [cn.jzvd:jiaozivideoplayer:6.0.0] AndroidManifest.xml:11:5-79
MERGED from [cn.jzvd:jiaozivideoplayer:6.0.0] AndroidManifest.xml:11:5-79
	android:name
		ADDED from src\main\AndroidManifest.xml:9:22-76
uses-permission#android.permission.ACCESS_COARSE_LOCATION
ADDED from src\main\AndroidManifest.xml:10:5-81
	android:name
		ADDED from src\main\AndroidManifest.xml:10:22-78
uses-permission#android.permission.ACCESS_FINE_LOCATION
ADDED from src\main\AndroidManifest.xml:11:5-79
	android:name
		ADDED from src\main\AndroidManifest.xml:11:22-76
uses-permission#android.permission.ACCESS_WIFI_STATE
ADDED from src\main\AndroidManifest.xml:12:5-76
	android:name
		ADDED from src\main\AndroidManifest.xml:12:22-73
uses-permission#android.permission.CHANGE_WIFI_STATE
ADDED from src\main\AndroidManifest.xml:13:5-76
	android:name
		ADDED from src\main\AndroidManifest.xml:13:22-73
uses-permission#android.permission.READ_PHONE_STATE
ADDED from src\main\AndroidManifest.xml:14:5-75
	android:name
		ADDED from src\main\AndroidManifest.xml:14:22-72
uses-permission#android.permission.MOUNT_UNMOUNT_FILESYSTEMS
ADDED from src\main\AndroidManifest.xml:15:5-84
	android:name
		ADDED from src\main\AndroidManifest.xml:15:22-81
uses-permission#android.permission.READ_LOGS
ADDED from src\main\AndroidManifest.xml:16:5-68
	android:name
		ADDED from src\main\AndroidManifest.xml:16:22-65
uses-permission#android.permission.WRITE_SETTINGS
ADDED from src\main\AndroidManifest.xml:17:5-73
	android:name
		ADDED from src\main\AndroidManifest.xml:17:22-70
uses-permission#android.permission.CAPTURE_AUDIO_OUTPUT
ADDED from src\main\AndroidManifest.xml:18:5-79
	android:name
		ADDED from src\main\AndroidManifest.xml:18:22-76
uses-permission#android.permission.RECORD_AUDIO
ADDED from src\main\AndroidManifest.xml:19:5-71
	android:name
		ADDED from src\main\AndroidManifest.xml:19:22-68
uses-permission#android.permission.CAMERA
ADDED from src\main\AndroidManifest.xml:20:5-65
	android:name
		ADDED from src\main\AndroidManifest.xml:20:22-62
uses-permission#android.permission.MODIFY_AUDIO_SETTINGS
ADDED from src\main\AndroidManifest.xml:21:5-80
	android:name
		ADDED from src\main\AndroidManifest.xml:21:22-77
uses-permission#android.permission.RESTART_PACKAGES
ADDED from src\main\AndroidManifest.xml:22:5-75
	android:name
		ADDED from src\main\AndroidManifest.xml:22:22-72
uses-permission#android.permission.READ_EXTERNAL_STORAGE
ADDED from src\main\AndroidManifest.xml:23:5-80
	android:name
		ADDED from src\main\AndroidManifest.xml:23:22-77
uses-permission#android.permission.DISABLE_KEYGUARD
ADDED from src\main\AndroidManifest.xml:24:5-75
	android:name
		ADDED from src\main\AndroidManifest.xml:24:22-72
uses-permission#android.permission.CALL_PHONE
ADDED from src\main\AndroidManifest.xml:25:5-69
	android:name
		ADDED from src\main\AndroidManifest.xml:25:22-66
uses-permission#android.permission.SEND_SMS
ADDED from src\main\AndroidManifest.xml:26:5-67
	android:name
		ADDED from src\main\AndroidManifest.xml:26:22-64
application
ADDED from src\main\AndroidManifest.xml:28:5-170:19
MERGED from [com.afollestad.material-dialogs:core:0.9.4.5] AndroidManifest.xml:13:5-20
MERGED from [com.afollestad.material-dialogs:core:0.9.4.5] AndroidManifest.xml:13:5-20
MERGED from [com.wuxiaolong.pullloadmorerecyclerview:library:1.1.2] AndroidManifest.xml:11:5-47
MERGED from [com.wuxiaolong.pullloadmorerecyclerview:library:1.1.2] AndroidManifest.xml:11:5-47
MERGED from [me.weyye.hipermission:library:1.0.7] AndroidManifest.xml:11:5-19:19
MERGED from [me.weyye.hipermission:library:1.0.7] AndroidManifest.xml:11:5-19:19
MERGED from [com.android.support:design:24.2.1] AndroidManifest.xml:22:5-20
MERGED from [com.android.support:design:24.2.1] AndroidManifest.xml:22:5-20
MERGED from [com.android.support:appcompat-v7:25.3.1] AndroidManifest.xml:29:5-20
MERGED from [com.android.support:appcompat-v7:25.3.1] AndroidManifest.xml:29:5-20
MERGED from [com.android.support.constraint:constraint-layout:1.0.0-beta5] AndroidManifest.xml:9:5-20
MERGED from [com.android.support.constraint:constraint-layout:1.0.0-beta5] AndroidManifest.xml:9:5-20
MERGED from [com.android.support:cardview-v7:24.2.1] AndroidManifest.xml:22:5-20
MERGED from [com.android.support:cardview-v7:24.2.1] AndroidManifest.xml:22:5-20
MERGED from [com.allenliu.badgeview:library:1.1.1] AndroidManifest.xml:11:5-14:19
MERGED from [com.allenliu.badgeview:library:1.1.1] AndroidManifest.xml:11:5-14:19
MERGED from [com.android.support:support-v13:25.3.1] AndroidManifest.xml:29:5-20
MERGED from [com.android.support:support-v13:25.3.1] AndroidManifest.xml:29:5-20
MERGED from [com.android.support:support-v4:25.3.1] AndroidManifest.xml:29:5-20
MERGED from [com.android.support:support-v4:25.3.1] AndroidManifest.xml:29:5-20
MERGED from [com.android.support:animated-vector-drawable:25.3.1] AndroidManifest.xml:26:5-20
MERGED from [com.android.support:animated-vector-drawable:25.3.1] AndroidManifest.xml:26:5-20
MERGED from [com.android.support:support-vector-drawable:25.3.1] AndroidManifest.xml:26:5-20
MERGED from [com.android.support:support-vector-drawable:25.3.1] AndroidManifest.xml:26:5-20
MERGED from [com.android.support:support-fragment:25.3.1] AndroidManifest.xml:29:5-20
MERGED from [com.android.support:support-fragment:25.3.1] AndroidManifest.xml:29:5-20
MERGED from [com.android.support:support-core-utils:25.3.1] AndroidManifest.xml:29:5-20
MERGED from [com.android.support:support-core-utils:25.3.1] AndroidManifest.xml:29:5-20
MERGED from [com.android.support:support-core-ui:25.3.1] AndroidManifest.xml:29:5-20
MERGED from [com.android.support:support-core-ui:25.3.1] AndroidManifest.xml:29:5-20
MERGED from [com.android.support:support-media-compat:25.3.1] AndroidManifest.xml:29:5-20
MERGED from [com.android.support:support-media-compat:25.3.1] AndroidManifest.xml:29:5-20
MERGED from [com.android.support:support-compat:25.3.1] AndroidManifest.xml:29:5-20
MERGED from [com.android.support:support-compat:25.3.1] AndroidManifest.xml:29:5-20
	android:supportsRtl
		ADDED from [me.weyye.hipermission:library:1.0.7] AndroidManifest.xml:13:9-35
	android:label
		ADDED from src\main\AndroidManifest.xml:32:9-41
	android:allowClearUserData
		ADDED from src\main\AndroidManifest.xml:30:9-42
	android:allowBackup
		ADDED from [com.wuxiaolong.pullloadmorerecyclerview:library:1.1.2] AndroidManifest.xml:11:18-44
	android:largeHeap
		ADDED from src\main\AndroidManifest.xml:33:9-33
	android:icon
		ADDED from src\main\AndroidManifest.xml:31:9-38
	android:theme
		ADDED from src\main\AndroidManifest.xml:34:9-40
	android:name
		ADDED from src\main\AndroidManifest.xml:29:9-30
meta-data#com.baidu.lbsapi.API_KEY
ADDED from src\main\AndroidManifest.xml:35:9-37:64
	android:value
		ADDED from src\main\AndroidManifest.xml:37:13-61
	android:name
		ADDED from src\main\AndroidManifest.xml:36:13-52
meta-data#immersed.status.bar
ADDED from src\main\AndroidManifest.xml:38:9-40:37
	android:value
		ADDED from src\main\AndroidManifest.xml:40:13-34
	android:name
		ADDED from src\main\AndroidManifest.xml:39:13-47
provider#android.support.v4.content.FileProvider
ADDED from src\main\AndroidManifest.xml:42:9-50:20
	android:grantUriPermissions
		ADDED from src\main\AndroidManifest.xml:46:13-47
	android:authorities
		ADDED from src\main\AndroidManifest.xml:44:13-61
	android:exported
		ADDED from src\main\AndroidManifest.xml:45:13-37
	android:name
		ADDED from src\main\AndroidManifest.xml:43:13-67
meta-data#android.support.FILE_PROVIDER_PATHS
ADDED from src\main\AndroidManifest.xml:47:13-49:58
	android:resource
		ADDED from src\main\AndroidManifest.xml:49:17-55
	android:name
		ADDED from src\main\AndroidManifest.xml:48:17-67
activity#io.dcloud.PandoraEntry
ADDED from src\main\AndroidManifest.xml:52:9-66:20
	android:screenOrientation
		ADDED from src\main\AndroidManifest.xml:58:13-49
	android:label
		ADDED from src\main\AndroidManifest.xml:56:13-45
	android:launchMode
		ADDED from src\main\AndroidManifest.xml:57:13-44
	android:hardwareAccelerated
		ADDED from src\main\AndroidManifest.xml:55:13-47
	android:windowSoftInputMode
		ADDED from src\main\AndroidManifest.xml:60:13-55
	android:configChanges
		ADDED from src\main\AndroidManifest.xml:54:13-83
	android:theme
		ADDED from src\main\AndroidManifest.xml:59:13-52
	android:name
		ADDED from src\main\AndroidManifest.xml:53:13-50
intent-filter#action:name:android.intent.action.MAIN+category:name:android.intent.category.LAUNCHER
ADDED from src\main\AndroidManifest.xml:61:13-65:29
action#android.intent.action.MAIN
ADDED from src\main\AndroidManifest.xml:62:17-69
	android:name
		ADDED from src\main\AndroidManifest.xml:62:25-66
category#android.intent.category.LAUNCHER
ADDED from src\main\AndroidManifest.xml:64:17-77
	android:name
		ADDED from src\main\AndroidManifest.xml:64:27-74
activity#io.dcloud.PandoraEntryActivity
ADDED from src\main\AndroidManifest.xml:67:9-75:58
	android:screenOrientation
		ADDED from src\main\AndroidManifest.xml:73:13-49
	android:label
		ADDED from src\main\AndroidManifest.xml:71:13-36
	android:launchMode
		ADDED from src\main\AndroidManifest.xml:72:13-44
	android:hardwareAccelerated
		ADDED from src\main\AndroidManifest.xml:70:13-47
	android:windowSoftInputMode
		ADDED from src\main\AndroidManifest.xml:75:13-55
	android:configChanges
		ADDED from src\main\AndroidManifest.xml:69:13-112
	android:theme
		ADDED from src\main\AndroidManifest.xml:74:13-47
	android:name
		ADDED from src\main\AndroidManifest.xml:68:13-58
activity#com.nandi.cqdisaster.securitydao.activity.MainActivity
ADDED from src\main\AndroidManifest.xml:76:9-71
	android:name
		ADDED from src\main\AndroidManifest.xml:76:19-68
activity#com.nandi.cqdisaster.securitydao.activity.MessageActivity
ADDED from src\main\AndroidManifest.xml:77:9-80:52
	android:screenOrientation
		ADDED from src\main\AndroidManifest.xml:80:13-49
	android:configChanges
		ADDED from src\main\AndroidManifest.xml:79:13-74
	android:name
		ADDED from src\main\AndroidManifest.xml:78:13-65
activity#com.nandi.cqdisaster.HCVideo.HcActivity
ADDED from src\main\AndroidManifest.xml:81:9-84:52
	android:screenOrientation
		ADDED from src\main\AndroidManifest.xml:84:13-49
	android:configChanges
		ADDED from src\main\AndroidManifest.xml:83:13-83
	android:name
		ADDED from src\main\AndroidManifest.xml:82:13-47
service#io.dcloud.common.adapter.io.MiniServerService
ADDED from src\main\AndroidManifest.xml:86:9-88:39
	android:exported
		ADDED from src\main\AndroidManifest.xml:88:13-36
	android:name
		ADDED from src\main\AndroidManifest.xml:87:13-73
service#com.baidu.location.f
ADDED from src\main\AndroidManifest.xml:89:9-92:41
	android:process
		ADDED from src\main\AndroidManifest.xml:92:13-38
	android:enabled
		ADDED from src\main\AndroidManifest.xml:91:13-35
	android:name
		ADDED from src\main\AndroidManifest.xml:90:13-48
activity#com.nandi.cqdisaster.AnyChat.activity.HallActivity
ADDED from src\main\AndroidManifest.xml:94:9-102:20
	android:screenOrientation
		ADDED from src\main\AndroidManifest.xml:98:13-49
	android:launchMode
		ADDED from src\main\AndroidManifest.xml:97:13-44
	android:configChanges
		ADDED from src\main\AndroidManifest.xml:96:13-74
	android:name
		ADDED from src\main\AndroidManifest.xml:95:13-58
intent-filter#category:name:android.intent.category.DEFAULT
ADDED from src\main\AndroidManifest.xml:99:13-101:29
category#android.intent.category.DEFAULT
ADDED from src\main\AndroidManifest.xml:100:17-76
	android:name
		ADDED from src\main\AndroidManifest.xml:100:27-73
activity#com.nandi.cqdisaster.AnyChat.activity.VideoActivity
ADDED from src\main\AndroidManifest.xml:103:9-111:20
	android:screenOrientation
		ADDED from src\main\AndroidManifest.xml:107:13-49
	android:launchMode
		ADDED from src\main\AndroidManifest.xml:106:13-44
	android:configChanges
		ADDED from src\main\AndroidManifest.xml:105:13-74
	android:name
		ADDED from src\main\AndroidManifest.xml:104:13-59
activity#com.nandi.cqdisaster.AnyChat.activity.VideoConfigActivity
ADDED from src\main\AndroidManifest.xml:112:9-119:20
	android:screenOrientation
		ADDED from src\main\AndroidManifest.xml:114:13-49
	android:name
		ADDED from src\main\AndroidManifest.xml:113:13-65
intent-filter#action:name:com.bairuitech.demo.VideoConfigActivity+category:name:android.intent.category.DEFAULT
ADDED from src\main\AndroidManifest.xml:115:13-118:29
action#com.bairuitech.demo.VideoConfigActivity
ADDED from src\main\AndroidManifest.xml:116:17-82
	android:name
		ADDED from src\main\AndroidManifest.xml:116:25-79
activity#com.nandi.cqdisaster.AnyChat.activity.LoginActivity
ADDED from src\main\AndroidManifest.xml:120:9-126:20
	android:screenOrientation
		ADDED from src\main\AndroidManifest.xml:124:13-49
	android:launchMode
		ADDED from src\main\AndroidManifest.xml:123:13-42
	android:configChanges
		ADDED from src\main\AndroidManifest.xml:122:13-63
	android:name
		ADDED from src\main\AndroidManifest.xml:121:13-59
activity#com.nandi.cqdisaster.examine.activity.CompleteTaskActivity
ADDED from src\main\AndroidManifest.xml:128:9-130:86
	android:configChanges
		ADDED from src\main\AndroidManifest.xml:130:13-83
	android:name
		ADDED from src\main\AndroidManifest.xml:129:13-66
activity#com.nandi.cqdisaster.examine.activity.EditMessageActivity
ADDED from src\main\AndroidManifest.xml:131:9-133:86
	android:configChanges
		ADDED from src\main\AndroidManifest.xml:133:13-83
	android:name
		ADDED from src\main\AndroidManifest.xml:132:13-65
activity#com.nandi.cqdisaster.examine.activity.CompleteInfoActivity
ADDED from src\main\AndroidManifest.xml:134:9-136:86
	android:configChanges
		ADDED from src\main\AndroidManifest.xml:136:13-83
	android:name
		ADDED from src\main\AndroidManifest.xml:135:13-66
activity#com.nandi.cqdisaster.examine.activity.CreateTaskActivity
ADDED from src\main\AndroidManifest.xml:137:9-139:86
	android:configChanges
		ADDED from src\main\AndroidManifest.xml:139:13-83
	android:name
		ADDED from src\main\AndroidManifest.xml:138:13-64
activity#com.nandi.cqdisaster.examine.activity.FillInfoActivity
ADDED from src\main\AndroidManifest.xml:140:9-142:86
	android:configChanges
		ADDED from src\main\AndroidManifest.xml:142:13-83
	android:name
		ADDED from src\main\AndroidManifest.xml:141:13-62
activity#com.nandi.cqdisaster.examine.activity.MainActivityExamine
ADDED from src\main\AndroidManifest.xml:143:9-145:86
	android:configChanges
		ADDED from src\main\AndroidManifest.xml:145:13-83
	android:name
		ADDED from src\main\AndroidManifest.xml:144:13-65
activity#com.nandi.cqdisaster.examine.activity.MyTaskActivity
ADDED from src\main\AndroidManifest.xml:146:9-148:86
	android:configChanges
		ADDED from src\main\AndroidManifest.xml:148:13-83
	android:name
		ADDED from src\main\AndroidManifest.xml:147:13-60
activity#com.nandi.cqdisaster.examine.activity.QueryDisasterActivity
ADDED from src\main\AndroidManifest.xml:149:9-151:86
	android:configChanges
		ADDED from src\main\AndroidManifest.xml:151:13-83
	android:name
		ADDED from src\main\AndroidManifest.xml:150:13-67
activity#com.nandi.cqdisaster.examine.activity.SendMessageActivity
ADDED from src\main\AndroidManifest.xml:152:9-154:86
	android:configChanges
		ADDED from src\main\AndroidManifest.xml:154:13-83
	android:name
		ADDED from src\main\AndroidManifest.xml:153:13-65
activity#com.nandi.cqdisaster.examine.activity.SettingsActivity
ADDED from src\main\AndroidManifest.xml:155:9-157:86
	android:configChanges
		ADDED from src\main\AndroidManifest.xml:157:13-83
	android:name
		ADDED from src\main\AndroidManifest.xml:156:13-62
activity#com.nandi.cqdisaster.examine.activity.TaskActivity
ADDED from src\main\AndroidManifest.xml:158:9-160:86
	android:configChanges
		ADDED from src\main\AndroidManifest.xml:160:13-83
	android:name
		ADDED from src\main\AndroidManifest.xml:159:13-58
activity#com.nandi.cqdisaster.examine.activity.TaskInfoActivity
ADDED from src\main\AndroidManifest.xml:161:9-163:86
	android:configChanges
		ADDED from src\main\AndroidManifest.xml:163:13-83
	android:name
		ADDED from src\main\AndroidManifest.xml:162:13-62
activity#com.nandi.cqdisaster.examine.activity.UnCompleteActivity
ADDED from src\main\AndroidManifest.xml:164:9-166:86
	android:configChanges
		ADDED from src\main\AndroidManifest.xml:166:13-83
	android:name
		ADDED from src\main\AndroidManifest.xml:165:13-64
activity#com.nandi.cqdisaster.examine.activity.LoginActivity
ADDED from src\main\AndroidManifest.xml:167:9-169:86
	android:configChanges
		ADDED from src\main\AndroidManifest.xml:169:13-83
	android:name
		ADDED from src\main\AndroidManifest.xml:168:13-59
uses-sdk
INJECTED from src\main\AndroidManifest.xml reason: use-sdk injection requested
INJECTED from src\main\AndroidManifest.xml
MERGED from [me.drakeet.multitype:multitype:2.2.2] AndroidManifest.xml:23:5-25:41
MERGED from [me.drakeet.multitype:multitype:2.2.2] AndroidManifest.xml:23:5-25:41
MERGED from [com.afollestad.material-dialogs:core:0.9.4.5] AndroidManifest.xml:8:5-11:75
MERGED from [com.afollestad.material-dialogs:core:0.9.4.5] AndroidManifest.xml:8:5-11:75
MERGED from [com.wuxiaolong.pullloadmorerecyclerview:library:1.1.2] AndroidManifest.xml:7:5-9:41
MERGED from [com.wuxiaolong.pullloadmorerecyclerview:library:1.1.2] AndroidManifest.xml:7:5-9:41
MERGED from [me.weyye.hipermission:library:1.0.7] AndroidManifest.xml:7:5-9:41
MERGED from [me.weyye.hipermission:library:1.0.7] AndroidManifest.xml:7:5-9:41
MERGED from [com.android.support:design:24.2.1] AndroidManifest.xml:20:5-43
MERGED from [com.android.support:design:24.2.1] AndroidManifest.xml:20:5-43
MERGED from [me.zhanghai.android.materialprogressbar:library:1.4.1] AndroidManifest.xml:12:5-14:41
MERGED from [me.zhanghai.android.materialprogressbar:library:1.4.1] AndroidManifest.xml:12:5-14:41
MERGED from [com.android.support:appcompat-v7:25.3.1] AndroidManifest.xml:21:5-23:78
MERGED from [com.android.support:appcompat-v7:25.3.1] AndroidManifest.xml:21:5-23:78
MERGED from [com.android.support.constraint:constraint-layout:1.0.0-beta5] AndroidManifest.xml:5:5-7:41
MERGED from [com.android.support.constraint:constraint-layout:1.0.0-beta5] AndroidManifest.xml:5:5-7:41
MERGED from [com.zhy:okhttputils:2.6.2] AndroidManifest.xml:7:5-9:41
MERGED from [com.zhy:okhttputils:2.6.2] AndroidManifest.xml:7:5-9:41
MERGED from [com.jakewharton:butterknife:8.8.1] AndroidManifest.xml:5:5-43
MERGED from [com.jakewharton:butterknife:8.8.1] AndroidManifest.xml:5:5-43
MERGED from [com.github.chrisbanes:PhotoView:2.1.3] AndroidManifest.xml:8:5-10:41
MERGED from [com.github.chrisbanes:PhotoView:2.1.3] AndroidManifest.xml:8:5-10:41
MERGED from [cn.jzvd:jiaozivideoplayer:6.0.0] AndroidManifest.xml:7:5-9:41
MERGED from [cn.jzvd:jiaozivideoplayer:6.0.0] AndroidManifest.xml:7:5-9:41
MERGED from [com.android.support:cardview-v7:24.2.1] AndroidManifest.xml:20:5-43
MERGED from [com.android.support:cardview-v7:24.2.1] AndroidManifest.xml:20:5-43
MERGED from [com.allenliu.badgeview:library:1.1.1] AndroidManifest.xml:7:5-9:41
MERGED from [com.allenliu.badgeview:library:1.1.1] AndroidManifest.xml:7:5-9:41
MERGED from [com.android.support:multidex:1.0.2] AndroidManifest.xml:20:5-43
MERGED from [com.android.support:multidex:1.0.2] AndroidManifest.xml:20:5-43
MERGED from [com.android.support:recyclerview-v7:25.3.1] AndroidManifest.xml:20:5-43
MERGED from [com.android.support:recyclerview-v7:25.3.1] AndroidManifest.xml:20:5-43
MERGED from [com.android.support:support-v13:25.3.1] AndroidManifest.xml:21:5-23:55
MERGED from [com.android.support:support-v13:25.3.1] AndroidManifest.xml:21:5-23:55
MERGED from [com.android.support:support-v4:25.3.1] AndroidManifest.xml:21:5-23:54
MERGED from [com.android.support:support-v4:25.3.1] AndroidManifest.xml:21:5-23:54
MERGED from [com.android.support:animated-vector-drawable:25.3.1] AndroidManifest.xml:20:5-44
MERGED from [com.android.support:animated-vector-drawable:25.3.1] AndroidManifest.xml:20:5-44
MERGED from [com.android.support:support-vector-drawable:25.3.1] AndroidManifest.xml:20:5-43
MERGED from [com.android.support:support-vector-drawable:25.3.1] AndroidManifest.xml:20:5-43
MERGED from [com.android.support:support-fragment:25.3.1] AndroidManifest.xml:21:5-23:60
MERGED from [com.android.support:support-fragment:25.3.1] AndroidManifest.xml:21:5-23:60
MERGED from [com.android.support:support-core-utils:25.3.1] AndroidManifest.xml:21:5-23:61
MERGED from [com.android.support:support-core-utils:25.3.1] AndroidManifest.xml:21:5-23:61
MERGED from [com.android.support:support-core-ui:25.3.1] AndroidManifest.xml:21:5-23:58
MERGED from [com.android.support:support-core-ui:25.3.1] AndroidManifest.xml:21:5-23:58
MERGED from [com.android.support:support-media-compat:25.3.1] AndroidManifest.xml:21:5-23:63
MERGED from [com.android.support:support-media-compat:25.3.1] AndroidManifest.xml:21:5-23:63
MERGED from [com.android.support:support-compat:25.3.1] AndroidManifest.xml:21:5-23:58
MERGED from [com.android.support:support-compat:25.3.1] AndroidManifest.xml:21:5-23:58
INJECTED from src\main\AndroidManifest.xml
	tools:overrideLibrary
		ADDED from [com.afollestad.material-dialogs:core:0.9.4.5] AndroidManifest.xml:11:9-72
	android:targetSdkVersion
		ADDED from [me.drakeet.multitype:multitype:2.2.2] AndroidManifest.xml:25:9-38
	android:minSdkVersion
		INJECTED from src\main\AndroidManifest.xml
		ADDED from src\main\AndroidManifest.xml
		INJECTED from src\main\AndroidManifest.xml
activity#me.weyye.hipermission.PermissionActivity
ADDED from [me.weyye.hipermission:library:1.0.7] AndroidManifest.xml:14:9-18:57
	android:screenOrientation
		ADDED from [me.weyye.hipermission:library:1.0.7] AndroidManifest.xml:17:13-49
	android:configChanges
		ADDED from [me.weyye.hipermission:library:1.0.7] AndroidManifest.xml:16:13-63
	android:theme
		ADDED from [me.weyye.hipermission:library:1.0.7] AndroidManifest.xml:18:13-54
	android:name
		ADDED from [me.weyye.hipermission:library:1.0.7] AndroidManifest.xml:15:13-68
meta-data#android.support.VERSION
ADDED from [com.android.support:appcompat-v7:25.3.1] AndroidManifest.xml:25:5-27:34
MERGED from [com.android.support:recyclerview-v7:25.3.1] AndroidManifest.xml:22:5-24:34
MERGED from [com.android.support:recyclerview-v7:25.3.1] AndroidManifest.xml:22:5-24:34
MERGED from [com.android.support:support-v13:25.3.1] AndroidManifest.xml:25:5-27:34
MERGED from [com.android.support:support-v13:25.3.1] AndroidManifest.xml:25:5-27:34
MERGED from [com.android.support:support-v4:25.3.1] AndroidManifest.xml:25:5-27:34
MERGED from [com.android.support:support-v4:25.3.1] AndroidManifest.xml:25:5-27:34
MERGED from [com.android.support:animated-vector-drawable:25.3.1] AndroidManifest.xml:22:5-24:34
MERGED from [com.android.support:animated-vector-drawable:25.3.1] AndroidManifest.xml:22:5-24:34
MERGED from [com.android.support:support-vector-drawable:25.3.1] AndroidManifest.xml:22:5-24:34
MERGED from [com.android.support:support-vector-drawable:25.3.1] AndroidManifest.xml:22:5-24:34
MERGED from [com.android.support:support-fragment:25.3.1] AndroidManifest.xml:25:5-27:34
MERGED from [com.android.support:support-fragment:25.3.1] AndroidManifest.xml:25:5-27:34
MERGED from [com.android.support:support-core-utils:25.3.1] AndroidManifest.xml:25:5-27:34
MERGED from [com.android.support:support-core-utils:25.3.1] AndroidManifest.xml:25:5-27:34
MERGED from [com.android.support:support-core-ui:25.3.1] AndroidManifest.xml:25:5-27:34
MERGED from [com.android.support:support-core-ui:25.3.1] AndroidManifest.xml:25:5-27:34
MERGED from [com.android.support:support-media-compat:25.3.1] AndroidManifest.xml:25:5-27:34
MERGED from [com.android.support:support-media-compat:25.3.1] AndroidManifest.xml:25:5-27:34
MERGED from [com.android.support:support-compat:25.3.1] AndroidManifest.xml:25:5-27:34
MERGED from [com.android.support:support-compat:25.3.1] AndroidManifest.xml:25:5-27:34
	android:value
		ADDED from [com.android.support:appcompat-v7:25.3.1] AndroidManifest.xml:27:9-31
	android:name
		ADDED from [com.android.support:appcompat-v7:25.3.1] AndroidManifest.xml:26:9-47